2022-10-10 11:52:23,449 INFO o.a.j.u.JMeterUtils: Setting Locale to en_EN
2022-10-10 11:52:23,466 INFO o.a.j.JMeter: Loading user properties from: /usr/local/Cellar/jmeter/5.5/libexec/bin/user.properties
2022-10-10 11:52:23,466 INFO o.a.j.JMeter: Loading system properties from: /usr/local/Cellar/jmeter/5.5/libexec/bin/system.properties
2022-10-10 11:52:23,472 INFO o.a.j.JMeter: Copyright (c) 1998-2022 The Apache Software Foundation
2022-10-10 11:52:23,472 INFO o.a.j.JMeter: Version 5.5
2022-10-10 11:52:23,472 INFO o.a.j.JMeter: java.version=19
2022-10-10 11:52:23,472 INFO o.a.j.JMeter: java.vm.name=OpenJDK 64-Bit Server VM
2022-10-10 11:52:23,472 INFO o.a.j.JMeter: os.name=Mac OS X
2022-10-10 11:52:23,472 INFO o.a.j.JMeter: os.arch=x86_64
2022-10-10 11:52:23,472 INFO o.a.j.JMeter: os.version=12.6
2022-10-10 11:52:23,472 INFO o.a.j.JMeter: file.encoding=UTF-8
2022-10-10 11:52:23,472 INFO o.a.j.JMeter: java.awt.headless=true
2022-10-10 11:52:23,472 INFO o.a.j.JMeter: Max memory     =1073741824
2022-10-10 11:52:23,472 INFO o.a.j.JMeter: Available Processors =12
2022-10-10 11:52:23,480 INFO o.a.j.JMeter: Default Locale=English (EN)
2022-10-10 11:52:23,480 INFO o.a.j.JMeter: JMeter  Locale=English (EN)
2022-10-10 11:52:23,480 INFO o.a.j.JMeter: JMeterHome=/usr/local/Cellar/jmeter/5.5/libexec
2022-10-10 11:52:23,480 INFO o.a.j.JMeter: user.dir  =/Users/ndgndg91/IdeaProjects/hello-redis/redis-performance
2022-10-10 11:52:23,481 INFO o.a.j.JMeter: PWD       =/Users/ndgndg91/IdeaProjects/hello-redis/redis-performance
2022-10-10 11:52:23,482 INFO o.a.j.JMeter: IP: 127.0.0.1 Name: namdong-gil-ui-MacBookPro.local FullName: localhost
2022-10-10 11:52:23,489 INFO o.a.j.s.FileServer: Default base='/Users/ndgndg91/IdeaProjects/hello-redis/redis-performance'
2022-10-10 11:52:23,489 INFO o.a.j.s.FileServer: Set new base='/Users/ndgndg91/IdeaProjects/hello-redis/redis-performance/./jmeter/v3'
2022-10-10 11:52:23,635 INFO o.a.j.s.SaveService: Testplan (JMX) version: 2.2. Testlog (JTL) version: 2.2
2022-10-10 11:52:23,657 INFO o.a.j.s.SaveService: Using SaveService properties version 5.0
2022-10-10 11:52:23,660 INFO o.a.j.s.SaveService: Using SaveService properties file encoding UTF-8
2022-10-10 11:52:23,662 INFO o.a.j.s.SaveService: Loading file: ./jmeter/v3/v3.jmx
2022-10-10 11:52:23,699 INFO o.a.j.p.h.s.HTTPSamplerBase: Parser for text/html is org.apache.jmeter.protocol.http.parser.LagartoBasedHtmlParser
2022-10-10 11:52:23,699 INFO o.a.j.p.h.s.HTTPSamplerBase: Parser for application/xhtml+xml is org.apache.jmeter.protocol.http.parser.LagartoBasedHtmlParser
2022-10-10 11:52:23,699 INFO o.a.j.p.h.s.HTTPSamplerBase: Parser for application/xml is org.apache.jmeter.protocol.http.parser.LagartoBasedHtmlParser
2022-10-10 11:52:23,699 INFO o.a.j.p.h.s.HTTPSamplerBase: Parser for text/xml is org.apache.jmeter.protocol.http.parser.LagartoBasedHtmlParser
2022-10-10 11:52:23,700 INFO o.a.j.p.h.s.HTTPSamplerBase: Parser for text/vnd.wap.wml is org.apache.jmeter.protocol.http.parser.RegexpHTMLParser
2022-10-10 11:52:23,700 INFO o.a.j.p.h.s.HTTPSamplerBase: Parser for text/css is org.apache.jmeter.protocol.http.parser.CssParser
2022-10-10 11:52:23,721 INFO o.a.j.JMeter: Creating summariser <summary>
2022-10-10 11:52:23,730 INFO o.a.j.e.StandardJMeterEngine: Running the test!
2022-10-10 11:52:23,730 INFO o.a.j.s.SampleEvent: List of sample_variables: []
2022-10-10 11:52:23,731 INFO o.a.j.s.SampleEvent: List of sample_variables: []
2022-10-10 11:52:23,734 INFO o.a.j.e.u.CompoundVariable: Note: Function class names must contain the string: '.functions.'
2022-10-10 11:52:23,734 INFO o.a.j.e.u.CompoundVariable: Note: Function class names must not contain the string: '.gui.'
2022-10-10 11:52:23,786 INFO o.a.j.JMeter: Running test (1665370343786)
2022-10-10 11:52:23,807 INFO o.a.j.e.StandardJMeterEngine: Starting ThreadGroup: 1 : Read 90%
2022-10-10 11:52:23,807 INFO o.a.j.e.StandardJMeterEngine: Starting 180 threads for group Read 90%.
2022-10-10 11:52:23,807 INFO o.a.j.e.StandardJMeterEngine: Thread will continue on error
2022-10-10 11:52:23,807 INFO o.a.j.t.ThreadGroup: Starting thread group... number=1 threads=180 ramp-up=30 delayedStart=true
2022-10-10 11:52:23,808 INFO o.a.j.t.ThreadGroup: Started thread group number 1
2022-10-10 11:52:23,808 INFO o.a.j.e.StandardJMeterEngine: Starting ThreadGroup: 2 : Write 10%
2022-10-10 11:52:23,808 INFO o.a.j.e.StandardJMeterEngine: Starting 20 threads for group Write 10%.
2022-10-10 11:52:23,808 INFO o.a.j.e.StandardJMeterEngine: Thread will continue on error
2022-10-10 11:52:23,808 INFO o.a.j.t.ThreadGroup: Starting thread group... number=2 threads=20 ramp-up=30 delayedStart=true
2022-10-10 11:52:23,808 INFO o.a.j.t.ThreadGroup: Started thread group number 2
2022-10-10 11:52:23,808 INFO o.a.j.e.StandardJMeterEngine: All thread groups have been started
2022-10-10 11:52:23,812 INFO o.a.j.t.JMeterThread: Thread started: Read 90% 1-1
2022-10-10 11:52:23,812 INFO o.a.j.t.JMeterThread: Thread started: Write 10% 2-1
2022-10-10 11:52:23,828 INFO o.a.j.p.h.s.HTTPHCAbstractImpl: Local host = namdong-gil-ui-MacBookPro.local
2022-10-10 11:52:23,833 INFO o.a.j.p.h.s.HTTPHC4Impl: HTTP request retry count = 0
2022-10-10 11:52:23,834 INFO o.a.j.s.SampleResult: Note: Sample TimeStamps are START times
2022-10-10 11:52:23,834 INFO o.a.j.s.SampleResult: sampleresult.default.encoding is set to ISO-8859-1
2022-10-10 11:52:23,834 INFO o.a.j.s.SampleResult: sampleresult.useNanoTime=true
2022-10-10 11:52:23,834 INFO o.a.j.s.SampleResult: sampleresult.nanoThreadSleep=5000
2022-10-10 11:52:23,980 INFO o.a.j.t.JMeterThread: Thread started: Read 90% 1-2
2022-10-10 11:52:24,150 INFO o.a.j.t.JMeterThread: Thread started: Read 90% 1-3
2022-10-10 11:52:24,319 INFO o.a.j.t.JMeterThread: Thread started: Read 90% 1-4
2022-10-10 11:52:24,489 INFO o.a.j.t.JMeterThread: Thread started: Read 90% 1-5
2022-10-10 11:52:24,658 INFO o.a.j.t.JMeterThread: Thread started: Read 90% 1-6
2022-10-10 11:52:24,827 INFO o.a.j.t.JMeterThread: Thread started: Read 90% 1-7
2022-10-10 11:52:24,995 INFO o.a.j.t.JMeterThread: Thread started: Read 90% 1-8
2022-10-10 11:52:25,164 INFO o.a.j.t.JMeterThread: Thread started: Read 90% 1-9
2022-10-10 11:52:25,333 INFO o.a.j.t.JMeterThread: Thread started: Read 90% 1-10
2022-10-10 11:52:25,393 INFO o.a.j.t.JMeterThread: Thread started: Write 10% 2-2
2022-10-10 11:52:25,506 INFO o.a.j.t.JMeterThread: Thread started: Read 90% 1-11
2022-10-10 11:52:25,673 INFO o.a.j.t.JMeterThread: Thread started: Read 90% 1-12
2022-10-10 11:52:25,841 INFO o.a.j.t.JMeterThread: Thread started: Read 90% 1-13
2022-10-10 11:52:26,009 INFO o.a.j.t.JMeterThread: Thread started: Read 90% 1-14
2022-10-10 11:52:26,178 INFO o.a.j.t.JMeterThread: Thread started: Read 90% 1-15
2022-10-10 11:52:26,345 INFO o.a.j.t.JMeterThread: Thread started: Read 90% 1-16
2022-10-10 11:52:26,514 INFO o.a.j.t.JMeterThread: Thread started: Read 90% 1-17
2022-10-10 11:52:26,682 INFO o.a.j.t.JMeterThread: Thread started: Read 90% 1-18
2022-10-10 11:52:26,850 INFO o.a.j.t.JMeterThread: Thread started: Read 90% 1-19
2022-10-10 11:52:26,977 INFO o.a.j.t.JMeterThread: Thread started: Write 10% 2-3
2022-10-10 11:52:27,017 INFO o.a.j.t.JMeterThread: Thread started: Read 90% 1-20
2022-10-10 11:52:27,190 INFO o.a.j.t.JMeterThread: Thread started: Read 90% 1-21
2022-10-10 11:52:27,360 INFO o.a.j.t.JMeterThread: Thread started: Read 90% 1-22
2022-10-10 11:52:27,531 INFO o.a.j.t.JMeterThread: Thread started: Read 90% 1-23
2022-10-10 11:52:27,702 INFO o.a.j.t.JMeterThread: Thread started: Read 90% 1-24
2022-10-10 11:52:27,870 INFO o.a.j.t.JMeterThread: Thread started: Read 90% 1-25
2022-10-10 11:52:28,039 INFO o.a.j.t.JMeterThread: Thread started: Read 90% 1-26
2022-10-10 11:52:28,207 INFO o.a.j.t.JMeterThread: Thread started: Read 90% 1-27
2022-10-10 11:52:28,375 INFO o.a.j.t.JMeterThread: Thread started: Read 90% 1-28
2022-10-10 11:52:28,542 INFO o.a.j.t.JMeterThread: Thread started: Read 90% 1-29
2022-10-10 11:52:28,556 INFO o.a.j.t.JMeterThread: Thread started: Write 10% 2-4
2022-10-10 11:52:28,710 INFO o.a.j.t.JMeterThread: Thread started: Read 90% 1-30
2022-10-10 11:52:28,878 INFO o.a.j.t.JMeterThread: Thread started: Read 90% 1-31
2022-10-10 11:52:29,046 INFO o.a.j.t.JMeterThread: Thread started: Read 90% 1-32
2022-10-10 11:52:29,213 INFO o.a.j.t.JMeterThread: Thread started: Read 90% 1-33
2022-10-10 11:52:29,380 INFO o.a.j.t.JMeterThread: Thread started: Read 90% 1-34
2022-10-10 11:52:29,551 INFO o.a.j.t.JMeterThread: Thread started: Read 90% 1-35
2022-10-10 11:52:29,719 INFO o.a.j.t.JMeterThread: Thread started: Read 90% 1-36
2022-10-10 11:52:29,889 INFO o.a.j.t.JMeterThread: Thread started: Read 90% 1-37
2022-10-10 11:52:30,002 INFO o.a.j.r.Summariser: summary +  28870 in 00:00:06 = 4646.0/s Avg:     4 Min:     0 Max:   245 Err:     0 (0.00%) Active: 41 Started: 41 Finished: 0
2022-10-10 11:52:30,056 INFO o.a.j.t.JMeterThread: Thread started: Read 90% 1-38
2022-10-10 11:52:30,134 INFO o.a.j.t.JMeterThread: Thread started: Write 10% 2-5
2022-10-10 11:52:30,224 INFO o.a.j.t.JMeterThread: Thread started: Read 90% 1-39
2022-10-10 11:52:30,395 INFO o.a.j.t.JMeterThread: Thread started: Read 90% 1-40
2022-10-10 11:52:30,566 INFO o.a.j.t.JMeterThread: Thread started: Read 90% 1-41
2022-10-10 11:52:30,734 INFO o.a.j.t.JMeterThread: Thread started: Read 90% 1-42
2022-10-10 11:52:30,906 INFO o.a.j.t.JMeterThread: Thread started: Read 90% 1-43
2022-10-10 11:52:31,076 INFO o.a.j.t.JMeterThread: Thread started: Read 90% 1-44
2022-10-10 11:52:31,244 INFO o.a.j.t.JMeterThread: Thread started: Read 90% 1-45
2022-10-10 11:52:31,411 INFO o.a.j.t.JMeterThread: Thread started: Read 90% 1-46
2022-10-10 11:52:31,579 INFO o.a.j.t.JMeterThread: Thread started: Read 90% 1-47
2022-10-10 11:52:31,713 INFO o.a.j.t.JMeterThread: Thread started: Write 10% 2-6
2022-10-10 11:52:31,750 INFO o.a.j.t.JMeterThread: Thread started: Read 90% 1-48
2022-10-10 11:52:31,919 INFO o.a.j.t.JMeterThread: Thread started: Read 90% 1-49
2022-10-10 11:52:32,089 INFO o.a.j.t.JMeterThread: Thread started: Read 90% 1-50
2022-10-10 11:52:32,259 INFO o.a.j.t.JMeterThread: Thread started: Read 90% 1-51
2022-10-10 11:52:32,428 INFO o.a.j.t.JMeterThread: Thread started: Read 90% 1-52
2022-10-10 11:52:32,598 INFO o.a.j.t.JMeterThread: Thread started: Read 90% 1-53
2022-10-10 11:52:32,769 INFO o.a.j.t.JMeterThread: Thread started: Read 90% 1-54
2022-10-10 11:52:32,939 INFO o.a.j.t.JMeterThread: Thread started: Read 90% 1-55
2022-10-10 11:52:33,106 INFO o.a.j.t.JMeterThread: Thread started: Read 90% 1-56
2022-10-10 11:52:33,274 INFO o.a.j.t.JMeterThread: Thread started: Read 90% 1-57
2022-10-10 11:52:33,291 INFO o.a.j.t.JMeterThread: Thread started: Write 10% 2-7
2022-10-10 11:52:33,443 INFO o.a.j.t.JMeterThread: Thread started: Read 90% 1-58
2022-10-10 11:52:33,610 INFO o.a.j.t.JMeterThread: Thread started: Read 90% 1-59
2022-10-10 11:52:33,778 INFO o.a.j.t.JMeterThread: Thread started: Read 90% 1-60
2022-10-10 11:52:33,945 INFO o.a.j.t.JMeterThread: Thread started: Read 90% 1-61
2022-10-10 11:52:34,112 INFO o.a.j.t.JMeterThread: Thread started: Read 90% 1-62
2022-10-10 11:52:34,283 INFO o.a.j.t.JMeterThread: Thread started: Read 90% 1-63
2022-10-10 11:52:34,456 INFO o.a.j.t.JMeterThread: Thread started: Read 90% 1-64
2022-10-10 11:52:34,626 INFO o.a.j.t.JMeterThread: Thread started: Read 90% 1-65
2022-10-10 11:52:34,793 INFO o.a.j.t.JMeterThread: Thread started: Read 90% 1-66
2022-10-10 11:52:34,870 INFO o.a.j.t.JMeterThread: Thread started: Write 10% 2-8
2022-10-10 11:52:34,961 INFO o.a.j.t.JMeterThread: Thread started: Read 90% 1-67
2022-10-10 11:52:35,131 INFO o.a.j.t.JMeterThread: Thread started: Read 90% 1-68
2022-10-10 11:52:35,298 INFO o.a.j.t.JMeterThread: Thread started: Read 90% 1-69
2022-10-10 11:52:35,466 INFO o.a.j.t.JMeterThread: Thread started: Read 90% 1-70
2022-10-10 11:52:35,634 INFO o.a.j.t.JMeterThread: Thread started: Read 90% 1-71
2022-10-10 11:52:35,805 INFO o.a.j.t.JMeterThread: Thread started: Read 90% 1-72
2022-10-10 11:52:35,975 INFO o.a.j.t.JMeterThread: Thread started: Read 90% 1-73
2022-10-10 11:52:36,143 INFO o.a.j.t.JMeterThread: Thread started: Read 90% 1-74
2022-10-10 11:52:36,310 INFO o.a.j.t.JMeterThread: Thread started: Read 90% 1-75
2022-10-10 11:52:36,449 INFO o.a.j.t.JMeterThread: Thread started: Write 10% 2-9
2022-10-10 11:52:36,478 INFO o.a.j.t.JMeterThread: Thread started: Read 90% 1-76
2022-10-10 11:52:36,646 INFO o.a.j.t.JMeterThread: Thread started: Read 90% 1-77
2022-10-10 11:52:36,816 INFO o.a.j.t.JMeterThread: Thread started: Read 90% 1-78
2022-10-10 11:52:36,984 INFO o.a.j.t.JMeterThread: Thread started: Read 90% 1-79
2022-10-10 11:52:37,155 INFO o.a.j.t.JMeterThread: Thread started: Read 90% 1-80
2022-10-10 11:52:37,326 INFO o.a.j.t.JMeterThread: Thread started: Read 90% 1-81
2022-10-10 11:52:37,494 INFO o.a.j.t.JMeterThread: Thread started: Read 90% 1-82
2022-10-10 11:52:37,660 INFO o.a.j.t.JMeterThread: Thread started: Read 90% 1-83
2022-10-10 11:52:37,827 INFO o.a.j.t.JMeterThread: Thread started: Read 90% 1-84
2022-10-10 11:52:37,993 INFO o.a.j.t.JMeterThread: Thread started: Read 90% 1-85
2022-10-10 11:52:38,029 INFO o.a.j.t.JMeterThread: Thread started: Write 10% 2-10
2022-10-10 11:52:38,160 INFO o.a.j.t.JMeterThread: Thread started: Read 90% 1-86
2022-10-10 11:52:38,327 INFO o.a.j.t.JMeterThread: Thread started: Read 90% 1-87
2022-10-10 11:52:38,496 INFO o.a.j.t.JMeterThread: Thread started: Read 90% 1-88
2022-10-10 11:52:38,663 INFO o.a.j.t.JMeterThread: Thread started: Read 90% 1-89
2022-10-10 11:52:38,830 INFO o.a.j.t.JMeterThread: Thread started: Read 90% 1-90
2022-10-10 11:52:38,997 INFO o.a.j.t.JMeterThread: Thread started: Read 90% 1-91
2022-10-10 11:52:39,163 INFO o.a.j.t.JMeterThread: Thread started: Read 90% 1-92
2022-10-10 11:52:39,330 INFO o.a.j.t.JMeterThread: Thread started: Read 90% 1-93
2022-10-10 11:52:39,499 INFO o.a.j.t.JMeterThread: Thread started: Read 90% 1-94
2022-10-10 11:52:39,607 INFO o.a.j.t.JMeterThread: Thread started: Write 10% 2-11
2022-10-10 11:52:39,670 INFO o.a.j.t.JMeterThread: Thread started: Read 90% 1-95
2022-10-10 11:52:39,836 INFO o.a.j.t.JMeterThread: Thread started: Read 90% 1-96
2022-10-10 11:52:40,005 INFO o.a.j.t.JMeterThread: Thread started: Read 90% 1-97
2022-10-10 11:52:40,173 INFO o.a.j.t.JMeterThread: Thread started: Read 90% 1-98
2022-10-10 11:52:40,342 INFO o.a.j.t.JMeterThread: Thread started: Read 90% 1-99
2022-10-10 11:52:40,513 INFO o.a.j.t.JMeterThread: Thread started: Read 90% 1-100
2022-10-10 11:52:40,679 INFO o.a.j.t.JMeterThread: Thread started: Read 90% 1-101
2022-10-10 11:52:40,849 INFO o.a.j.t.JMeterThread: Thread started: Read 90% 1-102
2022-10-10 11:52:41,015 INFO o.a.j.t.JMeterThread: Thread started: Read 90% 1-103
2022-10-10 11:52:41,182 INFO o.a.j.t.JMeterThread: Thread started: Read 90% 1-104
2022-10-10 11:52:41,190 INFO o.a.j.t.JMeterThread: Thread started: Write 10% 2-12
2022-10-10 11:52:41,348 INFO o.a.j.t.JMeterThread: Thread started: Read 90% 1-105
2022-10-10 11:52:41,514 INFO o.a.j.t.JMeterThread: Thread started: Read 90% 1-106
2022-10-10 11:52:41,681 INFO o.a.j.t.JMeterThread: Thread started: Read 90% 1-107
2022-10-10 11:52:41,852 INFO o.a.j.t.JMeterThread: Thread started: Read 90% 1-108
2022-10-10 11:52:42,018 INFO o.a.j.t.JMeterThread: Thread started: Read 90% 1-109
2022-10-10 11:52:42,189 INFO o.a.j.t.JMeterThread: Thread started: Read 90% 1-110
2022-10-10 11:52:42,356 INFO o.a.j.t.JMeterThread: Thread started: Read 90% 1-111
2022-10-10 11:52:42,524 INFO o.a.j.t.JMeterThread: Thread started: Read 90% 1-112
2022-10-10 11:52:42,690 INFO o.a.j.t.JMeterThread: Thread started: Read 90% 1-113
2022-10-10 11:52:42,770 INFO o.a.j.t.JMeterThread: Thread started: Write 10% 2-13
2022-10-10 11:52:42,856 INFO o.a.j.t.JMeterThread: Thread started: Read 90% 1-114
2022-10-10 11:52:43,024 INFO o.a.j.t.JMeterThread: Thread started: Read 90% 1-115
2022-10-10 11:52:43,194 INFO o.a.j.t.JMeterThread: Thread started: Read 90% 1-116
2022-10-10 11:52:43,360 INFO o.a.j.t.JMeterThread: Thread started: Read 90% 1-117
2022-10-10 11:52:43,527 INFO o.a.j.t.JMeterThread: Thread started: Read 90% 1-118
2022-10-10 11:52:43,693 INFO o.a.j.t.JMeterThread: Thread started: Read 90% 1-119
2022-10-10 11:52:43,860 INFO o.a.j.t.JMeterThread: Thread started: Read 90% 1-120
2022-10-10 11:52:44,030 INFO o.a.j.t.JMeterThread: Thread started: Read 90% 1-121
2022-10-10 11:52:44,198 INFO o.a.j.t.JMeterThread: Thread started: Read 90% 1-122
2022-10-10 11:52:44,347 INFO o.a.j.t.JMeterThread: Thread started: Write 10% 2-14
2022-10-10 11:52:44,369 INFO o.a.j.t.JMeterThread: Thread started: Read 90% 1-123
2022-10-10 11:52:44,539 INFO o.a.j.t.JMeterThread: Thread started: Read 90% 1-124
2022-10-10 11:52:44,707 INFO o.a.j.t.JMeterThread: Thread started: Read 90% 1-125
2022-10-10 11:52:44,872 INFO o.a.j.t.JMeterThread: Thread started: Read 90% 1-126
2022-10-10 11:52:45,039 INFO o.a.j.t.JMeterThread: Thread started: Read 90% 1-127
2022-10-10 11:52:45,205 INFO o.a.j.t.JMeterThread: Thread started: Read 90% 1-128
2022-10-10 11:52:45,371 INFO o.a.j.t.JMeterThread: Thread started: Read 90% 1-129
2022-10-10 11:52:45,539 INFO o.a.j.t.JMeterThread: Thread started: Read 90% 1-130
2022-10-10 11:52:45,705 INFO o.a.j.t.JMeterThread: Thread started: Read 90% 1-131
2022-10-10 11:52:45,871 INFO o.a.j.t.JMeterThread: Thread started: Read 90% 1-132
2022-10-10 11:52:45,926 INFO o.a.j.t.JMeterThread: Thread started: Write 10% 2-15
2022-10-10 11:52:46,039 INFO o.a.j.t.JMeterThread: Thread started: Read 90% 1-133
2022-10-10 11:52:46,206 INFO o.a.j.t.JMeterThread: Thread started: Read 90% 1-134
2022-10-10 11:52:46,374 INFO o.a.j.t.JMeterThread: Thread started: Read 90% 1-135
2022-10-10 11:52:46,539 INFO o.a.j.t.JMeterThread: Thread started: Read 90% 1-136
2022-10-10 11:52:46,705 INFO o.a.j.t.JMeterThread: Thread started: Read 90% 1-137
2022-10-10 11:52:46,871 INFO o.a.j.t.JMeterThread: Thread started: Read 90% 1-138
2022-10-10 11:52:47,039 INFO o.a.j.t.JMeterThread: Thread started: Read 90% 1-139
2022-10-10 11:52:47,206 INFO o.a.j.t.JMeterThread: Thread started: Read 90% 1-140
2022-10-10 11:52:47,371 INFO o.a.j.t.JMeterThread: Thread started: Read 90% 1-141
2022-10-10 11:52:47,505 INFO o.a.j.t.JMeterThread: Thread started: Write 10% 2-16
2022-10-10 11:52:47,539 INFO o.a.j.t.JMeterThread: Thread started: Read 90% 1-142
2022-10-10 11:52:47,705 INFO o.a.j.t.JMeterThread: Thread started: Read 90% 1-143
2022-10-10 11:52:47,871 INFO o.a.j.t.JMeterThread: Thread started: Read 90% 1-144
2022-10-10 11:52:48,040 INFO o.a.j.t.JMeterThread: Thread started: Read 90% 1-145
2022-10-10 11:52:48,209 INFO o.a.j.t.JMeterThread: Thread started: Read 90% 1-146
2022-10-10 11:52:48,374 INFO o.a.j.t.JMeterThread: Thread started: Read 90% 1-147
2022-10-10 11:52:48,541 INFO o.a.j.t.JMeterThread: Thread started: Read 90% 1-148
2022-10-10 11:52:48,710 INFO o.a.j.t.JMeterThread: Thread started: Read 90% 1-149
2022-10-10 11:52:48,874 INFO o.a.j.t.JMeterThread: Thread started: Read 90% 1-150
2022-10-10 11:52:49,039 INFO o.a.j.t.JMeterThread: Thread started: Read 90% 1-151
2022-10-10 11:52:49,082 INFO o.a.j.t.JMeterThread: Thread started: Write 10% 2-17
2022-10-10 11:52:49,205 INFO o.a.j.t.JMeterThread: Thread started: Read 90% 1-152
2022-10-10 11:52:49,370 INFO o.a.j.t.JMeterThread: Thread started: Read 90% 1-153
2022-10-10 11:52:49,539 INFO o.a.j.t.JMeterThread: Thread started: Read 90% 1-154
2022-10-10 11:52:49,707 INFO o.a.j.t.JMeterThread: Thread started: Read 90% 1-155
2022-10-10 11:52:49,871 INFO o.a.j.t.JMeterThread: Thread started: Read 90% 1-156
2022-10-10 11:52:50,039 INFO o.a.j.t.JMeterThread: Thread started: Read 90% 1-157
2022-10-10 11:52:50,205 INFO o.a.j.t.JMeterThread: Thread started: Read 90% 1-158
2022-10-10 11:52:50,370 INFO o.a.j.t.JMeterThread: Thread started: Read 90% 1-159
2022-10-10 11:52:50,539 INFO o.a.j.t.JMeterThread: Thread started: Read 90% 1-160
2022-10-10 11:52:50,660 INFO o.a.j.t.JMeterThread: Thread started: Write 10% 2-18
2022-10-10 11:52:50,705 INFO o.a.j.t.JMeterThread: Thread started: Read 90% 1-161
2022-10-10 11:52:50,869 INFO o.a.j.t.JMeterThread: Thread started: Read 90% 1-162
2022-10-10 11:52:51,035 INFO o.a.j.t.JMeterThread: Thread started: Read 90% 1-163
2022-10-10 11:52:51,199 INFO o.a.j.t.JMeterThread: Thread started: Read 90% 1-164
2022-10-10 11:52:51,363 INFO o.a.j.t.JMeterThread: Thread started: Read 90% 1-165
2022-10-10 11:52:51,526 INFO o.a.j.t.JMeterThread: Thread started: Read 90% 1-166
2022-10-10 11:52:51,690 INFO o.a.j.t.JMeterThread: Thread started: Read 90% 1-167
2022-10-10 11:52:51,858 INFO o.a.j.t.JMeterThread: Thread started: Read 90% 1-168
2022-10-10 11:52:52,028 INFO o.a.j.t.JMeterThread: Thread started: Read 90% 1-169
2022-10-10 11:52:52,190 INFO o.a.j.t.JMeterThread: Thread started: Read 90% 1-170
2022-10-10 11:52:52,239 INFO o.a.j.t.JMeterThread: Thread started: Write 10% 2-19
2022-10-10 11:52:52,355 INFO o.a.j.t.JMeterThread: Thread started: Read 90% 1-171
2022-10-10 11:52:52,517 INFO o.a.j.t.JMeterThread: Thread started: Read 90% 1-172
2022-10-10 11:52:52,678 INFO o.a.j.t.JMeterThread: Thread started: Read 90% 1-173
2022-10-10 11:52:52,840 INFO o.a.j.t.JMeterThread: Thread started: Read 90% 1-174
2022-10-10 11:52:53,005 INFO o.a.j.t.JMeterThread: Thread started: Read 90% 1-175
2022-10-10 11:52:53,167 INFO o.a.j.t.JMeterThread: Thread started: Read 90% 1-176
2022-10-10 11:52:53,329 INFO o.a.j.t.JMeterThread: Thread started: Read 90% 1-177
2022-10-10 11:52:53,492 INFO o.a.j.t.JMeterThread: Thread started: Read 90% 1-178
2022-10-10 11:52:53,651 INFO o.a.j.t.JMeterThread: Thread started: Read 90% 1-179
2022-10-10 11:52:53,808 INFO o.a.j.t.JMeterThread: Thread started: Read 90% 1-180
2022-10-10 11:52:53,808 INFO o.a.j.t.JMeterThread: Thread started: Write 10% 2-20
2022-10-10 11:53:00,001 INFO o.a.j.r.Summariser: summary + 218830 in 00:00:30 = 7294.3/s Avg:    18 Min:     0 Max:   252 Err:     0 (0.00%) Active: 200 Started: 200 Finished: 0
2022-10-10 11:53:00,001 INFO o.a.j.r.Summariser: summary = 247700 in 00:00:36 = 6839.9/s Avg:    16 Min:     0 Max:   252 Err:     0 (0.00%)
2022-10-10 11:53:23,808 INFO o.a.j.t.JMeterThread: Stopping because end time detected by thread: Read 90% 1-1
2022-10-10 11:53:23,808 INFO o.a.j.t.JMeterThread: Stopping because end time detected by thread: Read 90% 1-108
2022-10-10 11:53:23,808 INFO o.a.j.t.JMeterThread: Stopping because end time detected by thread: Read 90% 1-115
2022-10-10 11:53:23,808 INFO o.a.j.t.JMeterThread: Stopping because end time detected by thread: Read 90% 1-70
2022-10-10 11:53:23,808 INFO o.a.j.t.JMeterThread: Thread finished: Read 90% 1-1
2022-10-10 11:53:23,808 INFO o.a.j.t.JMeterThread: Thread finished: Read 90% 1-115
2022-10-10 11:53:23,808 INFO o.a.j.t.JMeterThread: Stopping because end time detected by thread: Read 90% 1-102
2022-10-10 11:53:23,808 INFO o.a.j.t.JMeterThread: Thread finished: Read 90% 1-70
2022-10-10 11:53:23,808 INFO o.a.j.t.JMeterThread: Thread finished: Read 90% 1-102
2022-10-10 11:53:23,808 INFO o.a.j.t.JMeterThread: Thread finished: Read 90% 1-108
2022-10-10 11:53:23,808 INFO o.a.j.t.JMeterThread: Stopping because end time detected by thread: Read 90% 1-177
2022-10-10 11:53:23,809 INFO o.a.j.t.JMeterThread: Thread finished: Read 90% 1-177
2022-10-10 11:53:23,809 INFO o.a.j.t.JMeterThread: Stopping because end time detected by thread: Read 90% 1-16
2022-10-10 11:53:23,809 INFO o.a.j.t.JMeterThread: Stopping because end time detected by thread: Read 90% 1-141
2022-10-10 11:53:23,809 INFO o.a.j.t.JMeterThread: Stopping because end time detected by thread: Read 90% 1-58
2022-10-10 11:53:23,809 INFO o.a.j.t.JMeterThread: Thread finished: Read 90% 1-16
2022-10-10 11:53:23,809 INFO o.a.j.t.JMeterThread: Thread finished: Read 90% 1-58
2022-10-10 11:53:23,809 INFO o.a.j.t.JMeterThread: Thread finished: Read 90% 1-141
2022-10-10 11:53:23,810 INFO o.a.j.t.JMeterThread: Stopping because end time detected by thread: Read 90% 1-47
2022-10-10 11:53:23,811 INFO o.a.j.t.JMeterThread: Stopping because end time detected by thread: Read 90% 1-43
2022-10-10 11:53:23,811 INFO o.a.j.t.JMeterThread: Thread finished: Read 90% 1-47
2022-10-10 11:53:23,811 INFO o.a.j.t.JMeterThread: Thread finished: Read 90% 1-43
2022-10-10 11:53:23,814 INFO o.a.j.t.JMeterThread: Stopping because end time detected by thread: Read 90% 1-144
2022-10-10 11:53:23,814 INFO o.a.j.t.JMeterThread: Stopping because end time detected by thread: Read 90% 1-135
2022-10-10 11:53:23,815 INFO o.a.j.t.JMeterThread: Thread finished: Read 90% 1-144
2022-10-10 11:53:23,815 INFO o.a.j.t.JMeterThread: Stopping because end time detected by thread: Read 90% 1-75
2022-10-10 11:53:23,815 INFO o.a.j.t.JMeterThread: Stopping because end time detected by thread: Read 90% 1-173
2022-10-10 11:53:23,815 INFO o.a.j.t.JMeterThread: Stopping because end time detected by thread: Read 90% 1-167
2022-10-10 11:53:23,815 INFO o.a.j.t.JMeterThread: Thread finished: Read 90% 1-135
2022-10-10 11:53:23,815 INFO o.a.j.t.JMeterThread: Thread finished: Read 90% 1-173
2022-10-10 11:53:23,815 INFO o.a.j.t.JMeterThread: Thread finished: Read 90% 1-75
2022-10-10 11:53:23,815 INFO o.a.j.t.JMeterThread: Thread finished: Read 90% 1-167
2022-10-10 11:53:23,815 INFO o.a.j.t.JMeterThread: Stopping because end time detected by thread: Read 90% 1-66
2022-10-10 11:53:23,815 INFO o.a.j.t.JMeterThread: Thread finished: Read 90% 1-66
2022-10-10 11:53:23,816 INFO o.a.j.t.JMeterThread: Stopping because end time detected by thread: Read 90% 1-168
2022-10-10 11:53:23,816 INFO o.a.j.t.JMeterThread: Stopping because end time detected by thread: Read 90% 1-155
2022-10-10 11:53:23,816 INFO o.a.j.t.JMeterThread: Thread finished: Read 90% 1-168
2022-10-10 11:53:23,816 INFO o.a.j.t.JMeterThread: Thread finished: Read 90% 1-155
2022-10-10 11:53:23,816 INFO o.a.j.t.JMeterThread: Stopping because end time detected by thread: Read 90% 1-54
2022-10-10 11:53:23,816 INFO o.a.j.t.JMeterThread: Stopping because end time detected by thread: Read 90% 1-26
2022-10-10 11:53:23,816 INFO o.a.j.t.JMeterThread: Thread finished: Read 90% 1-54
2022-10-10 11:53:23,816 INFO o.a.j.t.JMeterThread: Thread finished: Read 90% 1-26
2022-10-10 11:53:23,816 INFO o.a.j.t.JMeterThread: Stopping because end time detected by thread: Read 90% 1-101
2022-10-10 11:53:23,816 INFO o.a.j.t.JMeterThread: Stopping because end time detected by thread: Read 90% 1-81
2022-10-10 11:53:23,816 INFO o.a.j.t.JMeterThread: Stopping because end time detected by thread: Read 90% 1-131
2022-10-10 11:53:23,817 INFO o.a.j.t.JMeterThread: Thread finished: Read 90% 1-101
2022-10-10 11:53:23,817 INFO o.a.j.t.JMeterThread: Stopping because end time detected by thread: Read 90% 1-119
2022-10-10 11:53:23,817 INFO o.a.j.t.JMeterThread: Thread finished: Read 90% 1-131
2022-10-10 11:53:23,817 INFO o.a.j.t.JMeterThread: Thread finished: Read 90% 1-81
2022-10-10 11:53:23,817 INFO o.a.j.t.JMeterThread: Thread finished: Read 90% 1-119
2022-10-10 11:53:23,817 INFO o.a.j.t.JMeterThread: Stopping because end time detected by thread: Read 90% 1-142
2022-10-10 11:53:23,817 INFO o.a.j.t.JMeterThread: Thread finished: Read 90% 1-142
2022-10-10 11:53:23,817 INFO o.a.j.t.JMeterThread: Stopping because end time detected by thread: Read 90% 1-86
2022-10-10 11:53:23,817 INFO o.a.j.t.JMeterThread: Stopping because end time detected by thread: Read 90% 1-166
2022-10-10 11:53:23,818 INFO o.a.j.t.JMeterThread: Thread finished: Read 90% 1-86
2022-10-10 11:53:23,818 INFO o.a.j.t.JMeterThread: Stopping because end time detected by thread: Read 90% 1-27
2022-10-10 11:53:23,818 INFO o.a.j.t.JMeterThread: Thread finished: Read 90% 1-166
2022-10-10 11:53:23,818 INFO o.a.j.t.JMeterThread: Stopping because end time detected by thread: Read 90% 1-69
2022-10-10 11:53:23,818 INFO o.a.j.t.JMeterThread: Thread finished: Read 90% 1-27
2022-10-10 11:53:23,818 INFO o.a.j.t.JMeterThread: Thread finished: Read 90% 1-69
2022-10-10 11:53:23,818 INFO o.a.j.t.JMeterThread: Stopping because end time detected by thread: Read 90% 1-174
2022-10-10 11:53:23,818 INFO o.a.j.t.JMeterThread: Thread finished: Read 90% 1-174
2022-10-10 11:53:23,818 INFO o.a.j.t.JMeterThread: Stopping because end time detected by thread: Read 90% 1-25
2022-10-10 11:53:23,818 INFO o.a.j.t.JMeterThread: Stopping because end time detected by thread: Read 90% 1-179
2022-10-10 11:53:23,818 INFO o.a.j.t.JMeterThread: Stopping because end time detected by thread: Read 90% 1-21
2022-10-10 11:53:23,818 INFO o.a.j.t.JMeterThread: Thread finished: Read 90% 1-25
2022-10-10 11:53:23,818 INFO o.a.j.t.JMeterThread: Stopping because end time detected by thread: Read 90% 1-15
2022-10-10 11:53:23,818 INFO o.a.j.t.JMeterThread: Thread finished: Read 90% 1-21
2022-10-10 11:53:23,818 INFO o.a.j.t.JMeterThread: Thread finished: Read 90% 1-179
2022-10-10 11:53:23,819 INFO o.a.j.t.JMeterThread: Thread finished: Read 90% 1-15
2022-10-10 11:53:23,819 INFO o.a.j.t.JMeterThread: Stopping because end time detected by thread: Read 90% 1-164
2022-10-10 11:53:23,819 INFO o.a.j.t.JMeterThread: Thread finished: Read 90% 1-164
2022-10-10 11:53:23,819 INFO o.a.j.t.JMeterThread: Stopping because end time detected by thread: Read 90% 1-162
2022-10-10 11:53:23,819 INFO o.a.j.t.JMeterThread: Stopping because end time detected by thread: Read 90% 1-157
2022-10-10 11:53:23,819 INFO o.a.j.t.JMeterThread: Stopping because end time detected by thread: Read 90% 1-178
2022-10-10 11:53:23,819 INFO o.a.j.t.JMeterThread: Stopping because end time detected by thread: Read 90% 1-36
2022-10-10 11:53:23,819 INFO o.a.j.t.JMeterThread: Thread finished: Read 90% 1-178
2022-10-10 11:53:23,819 INFO o.a.j.t.JMeterThread: Thread finished: Read 90% 1-36
2022-10-10 11:53:23,819 INFO o.a.j.t.JMeterThread: Thread finished: Read 90% 1-162
2022-10-10 11:53:23,819 INFO o.a.j.t.JMeterThread: Thread finished: Read 90% 1-157
2022-10-10 11:53:23,820 INFO o.a.j.t.JMeterThread: Stopping because end time detected by thread: Read 90% 1-175
2022-10-10 11:53:23,820 INFO o.a.j.t.JMeterThread: Thread finished: Read 90% 1-175
2022-10-10 11:53:23,820 INFO o.a.j.t.JMeterThread: Stopping because end time detected by thread: Read 90% 1-55
2022-10-10 11:53:23,820 INFO o.a.j.t.JMeterThread: Stopping because end time detected by thread: Read 90% 1-65
2022-10-10 11:53:23,820 INFO o.a.j.t.JMeterThread: Stopping because end time detected by thread: Read 90% 1-92
2022-10-10 11:53:23,820 INFO o.a.j.t.JMeterThread: Stopping because end time detected by thread: Read 90% 1-68
2022-10-10 11:53:23,820 INFO o.a.j.t.JMeterThread: Stopping because end time detected by thread: Read 90% 1-37
2022-10-10 11:53:23,820 INFO o.a.j.t.JMeterThread: Thread finished: Read 90% 1-92
2022-10-10 11:53:23,820 INFO o.a.j.t.JMeterThread: Thread finished: Read 90% 1-68
2022-10-10 11:53:23,820 INFO o.a.j.t.JMeterThread: Thread finished: Read 90% 1-55
2022-10-10 11:53:23,820 INFO o.a.j.t.JMeterThread: Thread finished: Read 90% 1-37
2022-10-10 11:53:23,820 INFO o.a.j.t.JMeterThread: Thread finished: Read 90% 1-65
2022-10-10 11:53:23,821 INFO o.a.j.t.JMeterThread: Stopping because end time detected by thread: Read 90% 1-110
2022-10-10 11:53:23,821 INFO o.a.j.t.JMeterThread: Thread finished: Read 90% 1-110
2022-10-10 11:53:23,821 INFO o.a.j.t.JMeterThread: Stopping because end time detected by thread: Read 90% 1-3
2022-10-10 11:53:23,821 INFO o.a.j.t.JMeterThread: Stopping because end time detected by thread: Read 90% 1-113
2022-10-10 11:53:23,821 INFO o.a.j.t.JMeterThread: Stopping because end time detected by thread: Read 90% 1-38
2022-10-10 11:53:23,821 INFO o.a.j.t.JMeterThread: Stopping because end time detected by thread: Read 90% 1-97
2022-10-10 11:53:23,821 INFO o.a.j.t.JMeterThread: Thread finished: Read 90% 1-38
2022-10-10 11:53:23,821 INFO o.a.j.t.JMeterThread: Thread finished: Read 90% 1-97
2022-10-10 11:53:23,821 INFO o.a.j.t.JMeterThread: Stopping because end time detected by thread: Write 10% 2-2
2022-10-10 11:53:23,821 INFO o.a.j.t.JMeterThread: Thread finished: Read 90% 1-113
2022-10-10 11:53:23,821 INFO o.a.j.t.JMeterThread: Thread finished: Read 90% 1-3
2022-10-10 11:53:23,821 INFO o.a.j.t.JMeterThread: Thread finished: Write 10% 2-2
2022-10-10 11:53:23,821 INFO o.a.j.t.JMeterThread: Stopping because end time detected by thread: Write 10% 2-13
2022-10-10 11:53:23,821 INFO o.a.j.t.JMeterThread: Stopping because end time detected by thread: Write 10% 2-17
2022-10-10 11:53:23,821 INFO o.a.j.t.JMeterThread: Stopping because end time detected by thread: Read 90% 1-48
2022-10-10 11:53:23,821 INFO o.a.j.t.JMeterThread: Thread finished: Write 10% 2-17
2022-10-10 11:53:23,821 INFO o.a.j.t.JMeterThread: Stopping because end time detected by thread: Write 10% 2-9
2022-10-10 11:53:23,821 INFO o.a.j.t.JMeterThread: Thread finished: Read 90% 1-48
2022-10-10 11:53:23,821 INFO o.a.j.t.JMeterThread: Thread finished: Write 10% 2-13
2022-10-10 11:53:23,821 INFO o.a.j.t.JMeterThread: Thread finished: Write 10% 2-9
2022-10-10 11:53:23,822 INFO o.a.j.t.JMeterThread: Stopping because end time detected by thread: Read 90% 1-133
2022-10-10 11:53:23,822 INFO o.a.j.t.JMeterThread: Thread finished: Read 90% 1-133
2022-10-10 11:53:23,822 INFO o.a.j.t.JMeterThread: Stopping because end time detected by thread: Read 90% 1-59
2022-10-10 11:53:23,822 INFO o.a.j.t.JMeterThread: Stopping because end time detected by thread: Read 90% 1-145
2022-10-10 11:53:23,822 INFO o.a.j.t.JMeterThread: Thread finished: Read 90% 1-59
2022-10-10 11:53:23,822 INFO o.a.j.t.JMeterThread: Thread finished: Read 90% 1-145
2022-10-10 11:53:23,822 INFO o.a.j.t.JMeterThread: Stopping because end time detected by thread: Read 90% 1-87
2022-10-10 11:53:23,822 INFO o.a.j.t.JMeterThread: Thread finished: Read 90% 1-87
2022-10-10 11:53:23,822 INFO o.a.j.t.JMeterThread: Stopping because end time detected by thread: Read 90% 1-32
2022-10-10 11:53:23,822 INFO o.a.j.t.JMeterThread: Thread finished: Read 90% 1-32
2022-10-10 11:53:23,822 INFO o.a.j.t.JMeterThread: Stopping because end time detected by thread: Read 90% 1-146
2022-10-10 11:53:23,822 INFO o.a.j.t.JMeterThread: Stopping because end time detected by thread: Read 90% 1-132
2022-10-10 11:53:23,822 INFO o.a.j.t.JMeterThread: Stopping because end time detected by thread: Read 90% 1-14
2022-10-10 11:53:23,823 INFO o.a.j.t.JMeterThread: Thread finished: Read 90% 1-146
2022-10-10 11:53:23,823 INFO o.a.j.t.JMeterThread: Thread finished: Read 90% 1-132
2022-10-10 11:53:23,823 INFO o.a.j.t.JMeterThread: Stopping because end time detected by thread: Read 90% 1-156
2022-10-10 11:53:23,823 INFO o.a.j.t.JMeterThread: Thread finished: Read 90% 1-14
2022-10-10 11:53:23,823 INFO o.a.j.t.JMeterThread: Thread finished: Read 90% 1-156
2022-10-10 11:53:23,823 INFO o.a.j.t.JMeterThread: Stopping because end time detected by thread: Read 90% 1-33
2022-10-10 11:53:23,823 INFO o.a.j.t.JMeterThread: Thread finished: Read 90% 1-33
2022-10-10 11:53:23,824 INFO o.a.j.t.JMeterThread: Stopping because end time detected by thread: Read 90% 1-90
2022-10-10 11:53:23,824 INFO o.a.j.t.JMeterThread: Thread finished: Read 90% 1-90
2022-10-10 11:53:23,824 INFO o.a.j.t.JMeterThread: Stopping because end time detected by thread: Read 90% 1-99
2022-10-10 11:53:23,824 INFO o.a.j.t.JMeterThread: Thread finished: Read 90% 1-99
2022-10-10 11:53:23,825 INFO o.a.j.t.JMeterThread: Stopping because end time detected by thread: Read 90% 1-29
2022-10-10 11:53:23,825 INFO o.a.j.t.JMeterThread: Thread finished: Read 90% 1-29
2022-10-10 11:53:23,825 INFO o.a.j.t.JMeterThread: Stopping because end time detected by thread: Read 90% 1-112
2022-10-10 11:53:23,825 INFO o.a.j.t.JMeterThread: Thread finished: Read 90% 1-112
2022-10-10 11:53:23,825 INFO o.a.j.t.JMeterThread: Stopping because end time detected by thread: Read 90% 1-88
2022-10-10 11:53:23,825 INFO o.a.j.t.JMeterThread: Stopping because end time detected by thread: Read 90% 1-53
2022-10-10 11:53:23,825 INFO o.a.j.t.JMeterThread: Thread finished: Read 90% 1-88
2022-10-10 11:53:23,825 INFO o.a.j.t.JMeterThread: Thread finished: Read 90% 1-53
2022-10-10 11:53:23,826 INFO o.a.j.t.JMeterThread: Stopping because end time detected by thread: Read 90% 1-39
2022-10-10 11:53:23,826 INFO o.a.j.t.JMeterThread: Stopping because end time detected by thread: Read 90% 1-103
2022-10-10 11:53:23,826 INFO o.a.j.t.JMeterThread: Thread finished: Read 90% 1-39
2022-10-10 11:53:23,826 INFO o.a.j.t.JMeterThread: Thread finished: Read 90% 1-103
2022-10-10 11:53:23,826 INFO o.a.j.t.JMeterThread: Stopping because end time detected by thread: Read 90% 1-79
2022-10-10 11:53:23,826 INFO o.a.j.t.JMeterThread: Thread finished: Read 90% 1-79
2022-10-10 11:53:23,826 INFO o.a.j.t.JMeterThread: Stopping because end time detected by thread: Write 10% 2-7
2022-10-10 11:53:23,826 INFO o.a.j.t.JMeterThread: Thread finished: Write 10% 2-7
2022-10-10 11:53:23,827 INFO o.a.j.t.JMeterThread: Stopping because end time detected by thread: Read 90% 1-77
2022-10-10 11:53:23,827 INFO o.a.j.t.JMeterThread: Thread finished: Read 90% 1-77
2022-10-10 11:53:23,827 INFO o.a.j.t.JMeterThread: Stopping because end time detected by thread: Read 90% 1-5
2022-10-10 11:53:23,827 INFO o.a.j.t.JMeterThread: Thread finished: Read 90% 1-5
2022-10-10 11:53:23,827 INFO o.a.j.t.JMeterThread: Stopping because end time detected by thread: Read 90% 1-148
2022-10-10 11:53:23,827 INFO o.a.j.t.JMeterThread: Stopping because end time detected by thread: Read 90% 1-20
2022-10-10 11:53:23,827 INFO o.a.j.t.JMeterThread: Thread finished: Read 90% 1-148
2022-10-10 11:53:23,827 INFO o.a.j.t.JMeterThread: Thread finished: Read 90% 1-20
2022-10-10 11:53:23,827 INFO o.a.j.t.JMeterThread: Stopping because end time detected by thread: Read 90% 1-153
2022-10-10 11:53:23,827 INFO o.a.j.t.JMeterThread: Thread finished: Read 90% 1-153
2022-10-10 11:53:23,828 INFO o.a.j.t.JMeterThread: Stopping because end time detected by thread: Read 90% 1-124
2022-10-10 11:53:23,828 INFO o.a.j.t.JMeterThread: Thread finished: Read 90% 1-124
2022-10-10 11:53:23,829 INFO o.a.j.t.JMeterThread: Stopping because end time detected by thread: Read 90% 1-34
2022-10-10 11:53:23,829 INFO o.a.j.t.JMeterThread: Stopping because end time detected by thread: Read 90% 1-159
2022-10-10 11:53:23,829 INFO o.a.j.t.JMeterThread: Stopping because end time detected by thread: Read 90% 1-123
2022-10-10 11:53:23,829 INFO o.a.j.t.JMeterThread: Thread finished: Read 90% 1-159
2022-10-10 11:53:23,829 INFO o.a.j.t.JMeterThread: Thread finished: Read 90% 1-34
2022-10-10 11:53:23,829 INFO o.a.j.t.JMeterThread: Thread finished: Read 90% 1-123
2022-10-10 11:53:23,830 INFO o.a.j.t.JMeterThread: Stopping because end time detected by thread: Read 90% 1-4
2022-10-10 11:53:23,830 INFO o.a.j.t.JMeterThread: Stopping because end time detected by thread: Read 90% 1-12
2022-10-10 11:53:23,830 INFO o.a.j.t.JMeterThread: Thread finished: Read 90% 1-4
2022-10-10 11:53:23,830 INFO o.a.j.t.JMeterThread: Thread finished: Read 90% 1-12
2022-10-10 11:53:23,830 INFO o.a.j.t.JMeterThread: Stopping because end time detected by thread: Read 90% 1-94
2022-10-10 11:53:23,830 INFO o.a.j.t.JMeterThread: Thread finished: Read 90% 1-94
2022-10-10 11:53:23,830 INFO o.a.j.t.JMeterThread: Stopping because end time detected by thread: Read 90% 1-129
2022-10-10 11:53:23,830 INFO o.a.j.t.JMeterThread: Stopping because end time detected by thread: Read 90% 1-130
2022-10-10 11:53:23,830 INFO o.a.j.t.JMeterThread: Thread finished: Read 90% 1-129
2022-10-10 11:53:23,830 INFO o.a.j.t.JMeterThread: Thread finished: Read 90% 1-130
2022-10-10 11:53:23,831 INFO o.a.j.t.JMeterThread: Stopping because end time detected by thread: Read 90% 1-91
2022-10-10 11:53:23,831 INFO o.a.j.t.JMeterThread: Stopping because end time detected by thread: Read 90% 1-72
2022-10-10 11:53:23,831 INFO o.a.j.t.JMeterThread: Stopping because end time detected by thread: Read 90% 1-56
2022-10-10 11:53:23,831 INFO o.a.j.t.JMeterThread: Thread finished: Read 90% 1-72
2022-10-10 11:53:23,831 INFO o.a.j.t.JMeterThread: Thread finished: Read 90% 1-91
2022-10-10 11:53:23,831 INFO o.a.j.t.JMeterThread: Thread finished: Read 90% 1-56
2022-10-10 11:53:23,832 INFO o.a.j.t.JMeterThread: Stopping because end time detected by thread: Read 90% 1-134
2022-10-10 11:53:23,832 INFO o.a.j.t.JMeterThread: Stopping because end time detected by thread: Read 90% 1-163
2022-10-10 11:53:23,832 INFO o.a.j.t.JMeterThread: Stopping because end time detected by thread: Read 90% 1-137
2022-10-10 11:53:23,832 INFO o.a.j.t.JMeterThread: Thread finished: Read 90% 1-134
2022-10-10 11:53:23,832 INFO o.a.j.t.JMeterThread: Thread finished: Read 90% 1-163
2022-10-10 11:53:23,832 INFO o.a.j.t.JMeterThread: Thread finished: Read 90% 1-137
2022-10-10 11:53:23,832 INFO o.a.j.t.JMeterThread: Stopping because end time detected by thread: Write 10% 2-12
2022-10-10 11:53:23,833 INFO o.a.j.t.JMeterThread: Thread finished: Write 10% 2-12
2022-10-10 11:53:23,833 INFO o.a.j.t.JMeterThread: Stopping because end time detected by thread: Read 90% 1-152
2022-10-10 11:53:23,833 INFO o.a.j.t.JMeterThread: Stopping because end time detected by thread: Read 90% 1-121
2022-10-10 11:53:23,833 INFO o.a.j.t.JMeterThread: Stopping because end time detected by thread: Read 90% 1-80
2022-10-10 11:53:23,833 INFO o.a.j.t.JMeterThread: Stopping because end time detected by thread: Read 90% 1-96
2022-10-10 11:53:23,833 INFO o.a.j.t.JMeterThread: Stopping because end time detected by thread: Read 90% 1-62
2022-10-10 11:53:23,833 INFO o.a.j.t.JMeterThread: Thread finished: Read 90% 1-96
2022-10-10 11:53:23,833 INFO o.a.j.t.JMeterThread: Thread finished: Read 90% 1-62
2022-10-10 11:53:23,833 INFO o.a.j.t.JMeterThread: Thread finished: Read 90% 1-80
2022-10-10 11:53:23,833 INFO o.a.j.t.JMeterThread: Thread finished: Read 90% 1-121
2022-10-10 11:53:23,833 INFO o.a.j.t.JMeterThread: Thread finished: Read 90% 1-152
2022-10-10 11:53:23,833 INFO o.a.j.t.JMeterThread: Stopping because end time detected by thread: Write 10% 2-8
2022-10-10 11:53:23,833 INFO o.a.j.t.JMeterThread: Thread finished: Write 10% 2-8
2022-10-10 11:53:23,834 INFO o.a.j.t.JMeterThread: Stopping because end time detected by thread: Read 90% 1-45
2022-10-10 11:53:23,834 INFO o.a.j.t.JMeterThread: Stopping because end time detected by thread: Read 90% 1-151
2022-10-10 11:53:23,834 INFO o.a.j.t.JMeterThread: Thread finished: Read 90% 1-45
2022-10-10 11:53:23,834 INFO o.a.j.t.JMeterThread: Thread finished: Read 90% 1-151
2022-10-10 11:53:23,834 INFO o.a.j.t.JMeterThread: Stopping because end time detected by thread: Read 90% 1-120
2022-10-10 11:53:23,835 INFO o.a.j.t.JMeterThread: Thread finished: Read 90% 1-120
2022-10-10 11:53:23,835 INFO o.a.j.t.JMeterThread: Stopping because end time detected by thread: Read 90% 1-23
2022-10-10 11:53:23,835 INFO o.a.j.t.JMeterThread: Thread finished: Read 90% 1-23
2022-10-10 11:53:23,835 INFO o.a.j.t.JMeterThread: Stopping because end time detected by thread: Read 90% 1-109
2022-10-10 11:53:23,835 INFO o.a.j.t.JMeterThread: Stopping because end time detected by thread: Read 90% 1-118
2022-10-10 11:53:23,835 INFO o.a.j.t.JMeterThread: Thread finished: Read 90% 1-109
2022-10-10 11:53:23,836 INFO o.a.j.t.JMeterThread: Thread finished: Read 90% 1-118
2022-10-10 11:53:23,836 INFO o.a.j.t.JMeterThread: Stopping because end time detected by thread: Write 10% 2-14
2022-10-10 11:53:23,836 INFO o.a.j.t.JMeterThread: Thread finished: Write 10% 2-14
2022-10-10 11:53:23,836 INFO o.a.j.t.JMeterThread: Stopping because end time detected by thread: Read 90% 1-73
2022-10-10 11:53:23,836 INFO o.a.j.t.JMeterThread: Stopping because end time detected by thread: Read 90% 1-98
2022-10-10 11:53:23,837 INFO o.a.j.t.JMeterThread: Thread finished: Read 90% 1-73
2022-10-10 11:53:23,837 INFO o.a.j.t.JMeterThread: Thread finished: Read 90% 1-98
2022-10-10 11:53:23,838 INFO o.a.j.t.JMeterThread: Stopping because end time detected by thread: Read 90% 1-44
2022-10-10 11:53:23,838 INFO o.a.j.t.JMeterThread: Thread finished: Read 90% 1-44
2022-10-10 11:53:23,838 INFO o.a.j.t.JMeterThread: Stopping because end time detected by thread: Read 90% 1-138
2022-10-10 11:53:23,838 INFO o.a.j.t.JMeterThread: Stopping because end time detected by thread: Read 90% 1-41
2022-10-10 11:53:23,838 INFO o.a.j.t.JMeterThread: Thread finished: Read 90% 1-138
2022-10-10 11:53:23,838 INFO o.a.j.t.JMeterThread: Thread finished: Read 90% 1-41
2022-10-10 11:53:23,838 INFO o.a.j.t.JMeterThread: Stopping because end time detected by thread: Read 90% 1-161
2022-10-10 11:53:23,839 INFO o.a.j.t.JMeterThread: Thread finished: Read 90% 1-161
2022-10-10 11:53:23,839 INFO o.a.j.t.JMeterThread: Stopping because end time detected by thread: Write 10% 2-6
2022-10-10 11:53:23,839 INFO o.a.j.t.JMeterThread: Thread finished: Write 10% 2-6
2022-10-10 11:53:23,839 INFO o.a.j.t.JMeterThread: Stopping because end time detected by thread: Read 90% 1-7
2022-10-10 11:53:23,839 INFO o.a.j.t.JMeterThread: Stopping because end time detected by thread: Write 10% 2-16
2022-10-10 11:53:23,839 INFO o.a.j.t.JMeterThread: Stopping because end time detected by thread: Read 90% 1-8
2022-10-10 11:53:23,839 INFO o.a.j.t.JMeterThread: Thread finished: Read 90% 1-7
2022-10-10 11:53:23,839 INFO o.a.j.t.JMeterThread: Stopping because end time detected by thread: Read 90% 1-10
2022-10-10 11:53:23,839 INFO o.a.j.t.JMeterThread: Thread finished: Write 10% 2-16
2022-10-10 11:53:23,839 INFO o.a.j.t.JMeterThread: Thread finished: Read 90% 1-8
2022-10-10 11:53:23,839 INFO o.a.j.t.JMeterThread: Thread finished: Read 90% 1-10
2022-10-10 11:53:23,840 INFO o.a.j.t.JMeterThread: Stopping because end time detected by thread: Read 90% 1-61
2022-10-10 11:53:23,840 INFO o.a.j.t.JMeterThread: Stopping because end time detected by thread: Read 90% 1-64
2022-10-10 11:53:23,840 INFO o.a.j.t.JMeterThread: Thread finished: Read 90% 1-61
2022-10-10 11:53:23,840 INFO o.a.j.t.JMeterThread: Thread finished: Read 90% 1-64
2022-10-10 11:53:23,840 INFO o.a.j.t.JMeterThread: Stopping because end time detected by thread: Read 90% 1-9
2022-10-10 11:53:23,840 INFO o.a.j.t.JMeterThread: Thread finished: Read 90% 1-9
2022-10-10 11:53:23,841 INFO o.a.j.t.JMeterThread: Stopping because end time detected by thread: Read 90% 1-93
2022-10-10 11:53:23,841 INFO o.a.j.t.JMeterThread: Thread finished: Read 90% 1-93
2022-10-10 11:53:23,841 INFO o.a.j.t.JMeterThread: Stopping because end time detected by thread: Read 90% 1-46
2022-10-10 11:53:23,841 INFO o.a.j.t.JMeterThread: Stopping because end time detected by thread: Read 90% 1-42
2022-10-10 11:53:23,841 INFO o.a.j.t.JMeterThread: Thread finished: Read 90% 1-46
2022-10-10 11:53:23,842 INFO o.a.j.t.JMeterThread: Thread finished: Read 90% 1-42
2022-10-10 11:53:23,842 INFO o.a.j.t.JMeterThread: Stopping because end time detected by thread: Read 90% 1-172
2022-10-10 11:53:23,842 INFO o.a.j.t.JMeterThread: Stopping because end time detected by thread: Read 90% 1-71
2022-10-10 11:53:23,842 INFO o.a.j.t.JMeterThread: Stopping because end time detected by thread: Write 10% 2-11
2022-10-10 11:53:23,842 INFO o.a.j.t.JMeterThread: Thread finished: Read 90% 1-71
2022-10-10 11:53:23,842 INFO o.a.j.t.JMeterThread: Thread finished: Read 90% 1-172
2022-10-10 11:53:23,842 INFO o.a.j.t.JMeterThread: Stopping because end time detected by thread: Read 90% 1-13
2022-10-10 11:53:23,843 INFO o.a.j.t.JMeterThread: Thread finished: Write 10% 2-11
2022-10-10 11:53:23,843 INFO o.a.j.t.JMeterThread: Thread finished: Read 90% 1-13
2022-10-10 11:53:23,843 INFO o.a.j.t.JMeterThread: Stopping because end time detected by thread: Read 90% 1-116
2022-10-10 11:53:23,843 INFO o.a.j.t.JMeterThread: Thread finished: Read 90% 1-116
2022-10-10 11:53:23,843 INFO o.a.j.t.JMeterThread: Stopping because end time detected by thread: Read 90% 1-49
2022-10-10 11:53:23,843 INFO o.a.j.t.JMeterThread: Thread finished: Read 90% 1-49
2022-10-10 11:53:23,843 INFO o.a.j.t.JMeterThread: Stopping because end time detected by thread: Read 90% 1-165
2022-10-10 11:53:23,843 INFO o.a.j.t.JMeterThread: Thread finished: Read 90% 1-165
2022-10-10 11:53:23,844 INFO o.a.j.t.JMeterThread: Stopping because end time detected by thread: Read 90% 1-107
2022-10-10 11:53:23,844 INFO o.a.j.t.JMeterThread: Thread finished: Read 90% 1-107
2022-10-10 11:53:23,844 INFO o.a.j.t.JMeterThread: Stopping because end time detected by thread: Read 90% 1-51
2022-10-10 11:53:23,844 INFO o.a.j.t.JMeterThread: Thread finished: Read 90% 1-51
2022-10-10 11:53:23,844 INFO o.a.j.t.JMeterThread: Stopping because end time detected by thread: Read 90% 1-82
2022-10-10 11:53:23,844 INFO o.a.j.t.JMeterThread: Stopping because end time detected by thread: Read 90% 1-74
2022-10-10 11:53:23,844 INFO o.a.j.t.JMeterThread: Thread finished: Read 90% 1-82
2022-10-10 11:53:23,844 INFO o.a.j.t.JMeterThread: Thread finished: Read 90% 1-74
2022-10-10 11:53:23,844 INFO o.a.j.t.JMeterThread: Stopping because end time detected by thread: Read 90% 1-140
2022-10-10 11:53:23,844 INFO o.a.j.t.JMeterThread: Thread finished: Read 90% 1-140
2022-10-10 11:53:23,844 INFO o.a.j.t.JMeterThread: Stopping because end time detected by thread: Read 90% 1-100
2022-10-10 11:53:23,844 INFO o.a.j.t.JMeterThread: Stopping because end time detected by thread: Read 90% 1-40
2022-10-10 11:53:23,844 INFO o.a.j.t.JMeterThread: Thread finished: Read 90% 1-100
2022-10-10 11:53:23,845 INFO o.a.j.t.JMeterThread: Stopping because end time detected by thread: Read 90% 1-95
2022-10-10 11:53:23,845 INFO o.a.j.t.JMeterThread: Thread finished: Read 90% 1-40
2022-10-10 11:53:23,845 INFO o.a.j.t.JMeterThread: Thread finished: Read 90% 1-95
2022-10-10 11:53:23,845 INFO o.a.j.t.JMeterThread: Stopping because end time detected by thread: Read 90% 1-125
2022-10-10 11:53:23,845 INFO o.a.j.t.JMeterThread: Thread finished: Read 90% 1-125
2022-10-10 11:53:23,845 INFO o.a.j.t.JMeterThread: Stopping because end time detected by thread: Read 90% 1-31
2022-10-10 11:53:23,845 INFO o.a.j.t.JMeterThread: Thread finished: Read 90% 1-31
2022-10-10 11:53:23,845 INFO o.a.j.t.JMeterThread: Stopping because end time detected by thread: Read 90% 1-105
2022-10-10 11:53:23,845 INFO o.a.j.t.JMeterThread: Thread finished: Read 90% 1-105
2022-10-10 11:53:23,845 INFO o.a.j.t.JMeterThread: Stopping because end time detected by thread: Read 90% 1-63
2022-10-10 11:53:23,845 INFO o.a.j.t.JMeterThread: Stopping because end time detected by thread: Read 90% 1-158
2022-10-10 11:53:23,845 INFO o.a.j.t.JMeterThread: Thread finished: Read 90% 1-63
2022-10-10 11:53:23,845 INFO o.a.j.t.JMeterThread: Thread finished: Read 90% 1-158
2022-10-10 11:53:23,846 INFO o.a.j.t.JMeterThread: Stopping because end time detected by thread: Read 90% 1-128
2022-10-10 11:53:23,846 INFO o.a.j.t.JMeterThread: Stopping because end time detected by thread: Read 90% 1-19
2022-10-10 11:53:23,846 INFO o.a.j.t.JMeterThread: Thread finished: Read 90% 1-128
2022-10-10 11:53:23,846 INFO o.a.j.t.JMeterThread: Thread finished: Read 90% 1-19
2022-10-10 11:53:23,846 INFO o.a.j.t.JMeterThread: Stopping because end time detected by thread: Read 90% 1-169
2022-10-10 11:53:23,847 INFO o.a.j.t.JMeterThread: Thread finished: Read 90% 1-169
2022-10-10 11:53:23,847 INFO o.a.j.t.JMeterThread: Stopping because end time detected by thread: Read 90% 1-83
2022-10-10 11:53:23,847 INFO o.a.j.t.JMeterThread: Thread finished: Read 90% 1-83
2022-10-10 11:53:23,847 INFO o.a.j.t.JMeterThread: Stopping because end time detected by thread: Read 90% 1-147
2022-10-10 11:53:23,847 INFO o.a.j.t.JMeterThread: Stopping because end time detected by thread: Read 90% 1-84
2022-10-10 11:53:23,847 INFO o.a.j.t.JMeterThread: Stopping because end time detected by thread: Read 90% 1-85
2022-10-10 11:53:23,847 INFO o.a.j.t.JMeterThread: Thread finished: Read 90% 1-147
2022-10-10 11:53:23,847 INFO o.a.j.t.JMeterThread: Thread finished: Read 90% 1-85
2022-10-10 11:53:23,848 INFO o.a.j.t.JMeterThread: Thread finished: Read 90% 1-84
2022-10-10 11:53:23,848 INFO o.a.j.t.JMeterThread: Stopping because end time detected by thread: Read 90% 1-11
2022-10-10 11:53:23,848 INFO o.a.j.t.JMeterThread: Thread finished: Read 90% 1-11
2022-10-10 11:53:23,848 INFO o.a.j.t.JMeterThread: Stopping because end time detected by thread: Read 90% 1-127
2022-10-10 11:53:23,848 INFO o.a.j.t.JMeterThread: Stopping because end time detected by thread: Read 90% 1-180
2022-10-10 11:53:23,848 INFO o.a.j.t.JMeterThread: Stopping because end time detected by thread: Read 90% 1-106
2022-10-10 11:53:23,848 INFO o.a.j.t.JMeterThread: Thread finished: Read 90% 1-127
2022-10-10 11:53:23,848 INFO o.a.j.t.JMeterThread: Thread finished: Read 90% 1-106
2022-10-10 11:53:23,848 INFO o.a.j.t.JMeterThread: Thread finished: Read 90% 1-180
2022-10-10 11:53:23,849 INFO o.a.j.t.JMeterThread: Stopping because end time detected by thread: Read 90% 1-50
2022-10-10 11:53:23,849 INFO o.a.j.t.JMeterThread: Thread finished: Read 90% 1-50
2022-10-10 11:53:23,849 INFO o.a.j.t.JMeterThread: Stopping because end time detected by thread: Read 90% 1-160
2022-10-10 11:53:23,849 INFO o.a.j.t.JMeterThread: Thread finished: Read 90% 1-160
2022-10-10 11:53:23,849 INFO o.a.j.t.JMeterThread: Stopping because end time detected by thread: Read 90% 1-139
2022-10-10 11:53:23,849 INFO o.a.j.t.JMeterThread: Thread finished: Read 90% 1-139
2022-10-10 11:53:23,849 INFO o.a.j.t.JMeterThread: Stopping because end time detected by thread: Read 90% 1-35
2022-10-10 11:53:23,849 INFO o.a.j.t.JMeterThread: Thread finished: Read 90% 1-35
2022-10-10 11:53:23,850 INFO o.a.j.t.JMeterThread: Stopping because end time detected by thread: Read 90% 1-114
2022-10-10 11:53:23,850 INFO o.a.j.t.JMeterThread: Stopping because end time detected by thread: Read 90% 1-52
2022-10-10 11:53:23,850 INFO o.a.j.t.JMeterThread: Stopping because end time detected by thread: Read 90% 1-149
2022-10-10 11:53:23,850 INFO o.a.j.t.JMeterThread: Stopping because end time detected by thread: Write 10% 2-1
2022-10-10 11:53:23,850 INFO o.a.j.t.JMeterThread: Stopping because end time detected by thread: Read 90% 1-24
2022-10-10 11:53:23,850 INFO o.a.j.t.JMeterThread: Thread finished: Read 90% 1-149
2022-10-10 11:53:23,850 INFO o.a.j.t.JMeterThread: Thread finished: Read 90% 1-114
2022-10-10 11:53:23,850 INFO o.a.j.t.JMeterThread: Thread finished: Read 90% 1-52
2022-10-10 11:53:23,850 INFO o.a.j.t.JMeterThread: Thread finished: Read 90% 1-24
2022-10-10 11:53:23,850 INFO o.a.j.t.JMeterThread: Thread finished: Write 10% 2-1
2022-10-10 11:53:23,851 INFO o.a.j.t.JMeterThread: Stopping because end time detected by thread: Read 90% 1-117
2022-10-10 11:53:23,851 INFO o.a.j.t.JMeterThread: Stopping because end time detected by thread: Read 90% 1-17
2022-10-10 11:53:23,851 INFO o.a.j.t.JMeterThread: Stopping because end time detected by thread: Read 90% 1-154
2022-10-10 11:53:23,851 INFO o.a.j.t.JMeterThread: Thread finished: Read 90% 1-117
2022-10-10 11:53:23,851 INFO o.a.j.t.JMeterThread: Thread finished: Read 90% 1-154
2022-10-10 11:53:23,851 INFO o.a.j.t.JMeterThread: Thread finished: Read 90% 1-17
2022-10-10 11:53:23,852 INFO o.a.j.t.JMeterThread: Stopping because end time detected by thread: Read 90% 1-126
2022-10-10 11:53:23,852 INFO o.a.j.t.JMeterThread: Stopping because end time detected by thread: Read 90% 1-76
2022-10-10 11:53:23,852 INFO o.a.j.t.JMeterThread: Thread finished: Read 90% 1-126
2022-10-10 11:53:23,852 INFO o.a.j.t.JMeterThread: Thread finished: Read 90% 1-76
2022-10-10 11:53:23,852 INFO o.a.j.t.JMeterThread: Stopping because end time detected by thread: Read 90% 1-18
2022-10-10 11:53:23,852 INFO o.a.j.t.JMeterThread: Stopping because end time detected by thread: Read 90% 1-28
2022-10-10 11:53:23,852 INFO o.a.j.t.JMeterThread: Stopping because end time detected by thread: Read 90% 1-57
2022-10-10 11:53:23,852 INFO o.a.j.t.JMeterThread: Stopping because end time detected by thread: Read 90% 1-170
2022-10-10 11:53:23,852 INFO o.a.j.t.JMeterThread: Thread finished: Read 90% 1-57
2022-10-10 11:53:23,852 INFO o.a.j.t.JMeterThread: Thread finished: Read 90% 1-18
2022-10-10 11:53:23,852 INFO o.a.j.t.JMeterThread: Thread finished: Read 90% 1-28
2022-10-10 11:53:23,852 INFO o.a.j.t.JMeterThread: Thread finished: Read 90% 1-170
2022-10-10 11:53:23,853 INFO o.a.j.t.JMeterThread: Stopping because end time detected by thread: Read 90% 1-89
2022-10-10 11:53:23,853 INFO o.a.j.t.JMeterThread: Stopping because end time detected by thread: Read 90% 1-60
2022-10-10 11:53:23,853 INFO o.a.j.t.JMeterThread: Stopping because end time detected by thread: Read 90% 1-171
2022-10-10 11:53:23,853 INFO o.a.j.t.JMeterThread: Thread finished: Read 90% 1-89
2022-10-10 11:53:23,853 INFO o.a.j.t.JMeterThread: Thread finished: Read 90% 1-171
2022-10-10 11:53:23,853 INFO o.a.j.t.JMeterThread: Stopping because end time detected by thread: Read 90% 1-30
2022-10-10 11:53:23,853 INFO o.a.j.t.JMeterThread: Thread finished: Read 90% 1-60
2022-10-10 11:53:23,853 INFO o.a.j.t.JMeterThread: Thread finished: Read 90% 1-30
2022-10-10 11:53:23,854 INFO o.a.j.t.JMeterThread: Stopping because end time detected by thread: Read 90% 1-104
2022-10-10 11:53:23,854 INFO o.a.j.t.JMeterThread: Stopping because end time detected by thread: Read 90% 1-22
2022-10-10 11:53:23,854 INFO o.a.j.t.JMeterThread: Thread finished: Read 90% 1-104
2022-10-10 11:53:23,854 INFO o.a.j.t.JMeterThread: Thread finished: Read 90% 1-22
2022-10-10 11:53:23,854 INFO o.a.j.t.JMeterThread: Stopping because end time detected by thread: Read 90% 1-143
2022-10-10 11:53:23,854 INFO o.a.j.t.JMeterThread: Thread finished: Read 90% 1-143
2022-10-10 11:53:23,854 INFO o.a.j.t.JMeterThread: Stopping because end time detected by thread: Read 90% 1-150
2022-10-10 11:53:23,854 INFO o.a.j.t.JMeterThread: Thread finished: Read 90% 1-150
2022-10-10 11:53:23,855 INFO o.a.j.t.JMeterThread: Stopping because end time detected by thread: Read 90% 1-67
2022-10-10 11:53:23,855 INFO o.a.j.t.JMeterThread: Thread finished: Read 90% 1-67
2022-10-10 11:53:23,856 INFO o.a.j.t.JMeterThread: Stopping because end time detected by thread: Write 10% 2-3
2022-10-10 11:53:23,856 INFO o.a.j.t.JMeterThread: Thread finished: Write 10% 2-3
2022-10-10 11:53:23,856 INFO o.a.j.t.JMeterThread: Stopping because end time detected by thread: Read 90% 1-78
2022-10-10 11:53:23,856 INFO o.a.j.t.JMeterThread: Stopping because end time detected by thread: Read 90% 1-6
2022-10-10 11:53:23,856 INFO o.a.j.t.JMeterThread: Thread finished: Read 90% 1-78
2022-10-10 11:53:23,856 INFO o.a.j.t.JMeterThread: Thread finished: Read 90% 1-6
2022-10-10 11:53:23,859 INFO o.a.j.t.JMeterThread: Stopping because end time detected by thread: Read 90% 1-2
2022-10-10 11:53:23,859 INFO o.a.j.t.JMeterThread: Thread finished: Read 90% 1-2
2022-10-10 11:53:23,859 INFO o.a.j.t.JMeterThread: Stopping because end time detected by thread: Read 90% 1-176
2022-10-10 11:53:23,859 INFO o.a.j.t.JMeterThread: Thread finished: Read 90% 1-176
2022-10-10 11:53:23,860 INFO o.a.j.t.JMeterThread: Stopping because end time detected by thread: Read 90% 1-136
2022-10-10 11:53:23,860 INFO o.a.j.t.JMeterThread: Thread finished: Read 90% 1-136
2022-10-10 11:53:23,860 INFO o.a.j.t.JMeterThread: Stopping because end time detected by thread: Write 10% 2-19
2022-10-10 11:53:23,860 INFO o.a.j.t.JMeterThread: Thread finished: Write 10% 2-19
2022-10-10 11:53:23,861 INFO o.a.j.t.JMeterThread: Stopping because end time detected by thread: Write 10% 2-4
2022-10-10 11:53:23,861 INFO o.a.j.t.JMeterThread: Thread finished: Write 10% 2-4
2022-10-10 11:53:23,861 INFO o.a.j.t.JMeterThread: Stopping because end time detected by thread: Write 10% 2-10
2022-10-10 11:53:23,861 INFO o.a.j.t.JMeterThread: Thread finished: Write 10% 2-10
2022-10-10 11:53:23,863 INFO o.a.j.t.JMeterThread: Stopping because end time detected by thread: Read 90% 1-111
2022-10-10 11:53:23,863 INFO o.a.j.t.JMeterThread: Thread finished: Read 90% 1-111
2022-10-10 11:53:23,864 INFO o.a.j.t.JMeterThread: Stopping because end time detected by thread: Write 10% 2-20
2022-10-10 11:53:23,864 INFO o.a.j.t.JMeterThread: Thread finished: Write 10% 2-20
2022-10-10 11:53:23,864 INFO o.a.j.t.JMeterThread: Stopping because end time detected by thread: Read 90% 1-122
2022-10-10 11:53:23,865 INFO o.a.j.t.JMeterThread: Thread finished: Read 90% 1-122
2022-10-10 11:53:23,866 INFO o.a.j.t.JMeterThread: Stopping because end time detected by thread: Write 10% 2-18
2022-10-10 11:53:23,866 INFO o.a.j.t.JMeterThread: Thread finished: Write 10% 2-18
2022-10-10 11:53:23,867 INFO o.a.j.t.JMeterThread: Stopping because end time detected by thread: Write 10% 2-5
2022-10-10 11:53:23,867 INFO o.a.j.t.JMeterThread: Thread finished: Write 10% 2-5
2022-10-10 11:53:23,870 INFO o.a.j.t.JMeterThread: Stopping because end time detected by thread: Write 10% 2-15
2022-10-10 11:53:23,870 INFO o.a.j.t.JMeterThread: Thread finished: Write 10% 2-15
2022-10-10 11:53:23,870 INFO o.a.j.e.StandardJMeterEngine: Notifying test listeners of end of test
2022-10-10 11:53:23,871 INFO o.a.j.r.Summariser: summary + 158730 in 00:00:24 = 6649.5/s Avg:    29 Min:     0 Max:  1341 Err:     0 (0.00%) Active: 0 Started: 200 Finished: 200
2022-10-10 11:53:23,871 INFO o.a.j.r.Summariser: summary = 406430 in 00:01:00 = 6764.3/s Avg:    22 Min:     0 Max:  1341 Err:     0 (0.00%)
